<?xml version="1.0" encoding="UTF-8"?>
<testng-results ignored="0" total="1" passed="1" failed="0" skipped="0">
  <reporter-output>
    <line>
      <![CDATA[dummy1]]>
    </line>
  </reporter-output>
  <suite started-at="2024-03-01T16:02:51 IST" name="Default suite" finished-at="2024-03-01T16:02:51 IST" duration-ms="56">
    <groups>
    </groups>
    <test started-at="2024-03-01T16:02:51 IST" name="Default test" finished-at="2024-03-01T16:02:51 IST" duration-ms="56">
      <class name="com.actitime.testscript.Dummy1">
        <test-method signature="dummy1()[pri:0, instance:com.actitime.testscript.Dummy1@662b4c69]" started-at="2024-03-01T16:02:51 IST" name="dummy1" finished-at="2024-03-01T16:02:51 IST" duration-ms="11" status="PASS">
          <reporter-output>
            <line>
              <![CDATA[dummy1]]>
            </line>
          </reporter-output>
        </test-method> <!-- dummy1 -->
      </class> <!-- com.actitime.testscript.Dummy1 -->
    </test> <!-- Default test -->
  </suite> <!-- Default suite -->
</testng-results>
